2020-04-03 12:05:05 INFO  Screenplay:26 - Добрый день!
2020-04-03 12:05:05 INFO  Screenplay:27 - Вставьте карту!
2020-04-03 12:05:05 INFO  CheckPinUtil:25 - Введите пин код (4 цифры)
2020-04-03 12:05:17 INFO  CheckPinUtil:35 - Пин код введен не корректно или не верно, у вас осталось попыток: 2
2020-04-03 12:05:17 INFO  CheckPinUtil:25 - Введите пин код (4 цифры)
2020-04-03 12:05:21 INFO  ChooseOperation:42 - Выберете, что вы хотите сделать?
2020-04-03 12:05:21 INFO  ChooseOperation:43 - Отправьте номер операции соответсвующий вашему запросу
2020-04-03 12:05:21 INFO  ChooseOperation:44 - 1 - "Положить наличные"
2020-04-03 12:05:21 INFO  ChooseOperation:45 - 2 - "Снять наличные"
2020-04-03 12:05:21 INFO  ChooseOperation:46 - 3 - "Посмотреть баланс карты"
2020-04-03 12:05:21 INFO  ChooseOperation:47 - 4 - "Оплатить счет компании"
2020-04-03 12:05:21 INFO  ChooseOperation:48 - 5 - "Изменить пин-код"
2020-04-03 12:05:31 INFO  LookAtBalanceCardServiceImpl:13 - Баланс карты: 6106.09
2020-04-03 12:05:31 INFO  Screenplay:37 - Спасибо за визит!
2020-04-03 12:05:31 INFO  Screenplay:26 - Добрый день!
2020-04-03 12:05:31 INFO  Screenplay:27 - Вставьте карту!
2020-04-03 12:05:31 INFO  CheckPinUtil:25 - Введите пин код (4 цифры)
2020-04-03 12:05:44 INFO  ChooseOperation:42 - Выберете, что вы хотите сделать?
2020-04-03 12:05:44 INFO  ChooseOperation:43 - Отправьте номер операции соответсвующий вашему запросу
2020-04-03 12:05:44 INFO  ChooseOperation:44 - 1 - "Положить наличные"
2020-04-03 12:05:44 INFO  ChooseOperation:45 - 2 - "Снять наличные"
2020-04-03 12:05:44 INFO  ChooseOperation:46 - 3 - "Посмотреть баланс карты"
2020-04-03 12:05:44 INFO  ChooseOperation:47 - 4 - "Оплатить счет компании"
2020-04-03 12:05:44 INFO  ChooseOperation:48 - 5 - "Изменить пин-код"
2020-04-03 12:05:49 INFO  PayCompanyServiceImpl:35 - Услугу какой компании вы хотите оплатить?
2020-04-03 12:05:49 INFO  PayCompanyServiceImpl:36 - Отправьте номер операции соответсвующий вашему запросу
2020-04-03 12:05:49 INFO  PayCompanyServiceImpl:37 - 1 - "Megafon"
2020-04-03 12:05:49 INFO  PayCompanyServiceImpl:38 - 2 - "MTS"
2020-04-03 12:05:49 INFO  PayCompanyServiceImpl:39 - 3 - "Rostelekom"
2020-04-03 12:05:52 INFO  PayCompanyServiceImpl:65 - Какую сумму вы хотите перевести?
2020-04-03 12:06:01 INFO  TakeCommissionUtil:22 - Комиссия составит 50 рублей
2020-04-03 12:06:01 INFO  UpdateForServiceUtil:56 - Сумма в размере 1000.55 зачислена на счет Rostelekom
2020-04-03 12:06:01 INFO  Screenplay:37 - Спасибо за визит!
2020-04-03 12:06:01 INFO  Screenplay:26 - Добрый день!
2020-04-03 12:06:01 INFO  Screenplay:27 - Вставьте карту!
2020-04-03 12:06:01 INFO  CheckPinUtil:25 - Введите пин код (4 цифры)
2020-04-03 12:06:11 INFO  ChooseOperation:42 - Выберете, что вы хотите сделать?
2020-04-03 12:06:11 INFO  ChooseOperation:43 - Отправьте номер операции соответсвующий вашему запросу
2020-04-03 12:06:11 INFO  ChooseOperation:44 - 1 - "Положить наличные"
2020-04-03 12:06:11 INFO  ChooseOperation:45 - 2 - "Снять наличные"
2020-04-03 12:06:11 INFO  ChooseOperation:46 - 3 - "Посмотреть баланс карты"
2020-04-03 12:06:11 INFO  ChooseOperation:47 - 4 - "Оплатить счет компании"
2020-04-03 12:06:11 INFO  ChooseOperation:48 - 5 - "Изменить пин-код"
2020-04-03 12:06:14 INFO  PutMoneyServiceImpl:33 - Внесите купюры! Для окончания ввидите 0
2020-04-03 12:06:18 INFO  PutMoneyServiceImpl:33 - Внесите купюры! Для окончания ввидите 0
2020-04-03 12:06:19 INFO  PutMoneyServiceImpl:33 - Внесите купюры! Для окончания ввидите 0
2020-04-03 12:06:20 INFO  PutMoneyServiceImpl:33 - Внесите купюры! Для окончания ввидите 0
2020-04-03 12:06:23 INFO  PutMoneyServiceImpl:33 - Внесите купюры! Для окончания ввидите 0
2020-04-03 12:06:26 INFO  TakeCommissionUtil:22 - Комиссия составит 50 рублей
2020-04-03 12:06:26 INFO  UpdateForServiceUtil:56 - Сумма в размере 6600 зачислена
2020-04-03 12:06:26 INFO  Screenplay:37 - Спасибо за визит!
2020-04-03 12:06:26 INFO  Screenplay:26 - Добрый день!
2020-04-03 12:06:26 INFO  Screenplay:27 - Вставьте карту!
2020-04-03 12:06:26 INFO  CheckPinUtil:25 - Введите пин код (4 цифры)
2020-04-03 12:06:32 INFO  ChooseOperation:42 - Выберете, что вы хотите сделать?
2020-04-03 12:06:32 INFO  ChooseOperation:43 - Отправьте номер операции соответсвующий вашему запросу
2020-04-03 12:06:32 INFO  ChooseOperation:44 - 1 - "Положить наличные"
2020-04-03 12:06:32 INFO  ChooseOperation:45 - 2 - "Снять наличные"
2020-04-03 12:06:32 INFO  ChooseOperation:46 - 3 - "Посмотреть баланс карты"
2020-04-03 12:06:32 INFO  ChooseOperation:47 - 4 - "Оплатить счет компании"
2020-04-03 12:06:32 INFO  ChooseOperation:48 - 5 - "Изменить пин-код"
2020-04-03 12:06:37 INFO  TakeMoneyServiceImpl:32 - Введите требуемую сумму кратную 100, но не более 200 000
2020-04-03 12:06:43 INFO  TakeCommissionUtil:22 - Комиссия составит 50 рублей
2020-04-03 12:06:43 INFO  UpdateForServiceUtil:56 - Сумма в размере 3700 выдана
2020-04-03 12:06:43 INFO  TakeMoneyServiceImpl:62 - Клиент получил{100=2, 500=1, 1000=1, 2000=1, 5000=0}
2020-04-03 12:06:43 INFO  Screenplay:37 - Спасибо за визит!
2020-04-03 12:06:43 INFO  Screenplay:26 - Добрый день!
2020-04-03 12:06:43 INFO  Screenplay:27 - Вставьте карту!
2020-04-03 12:06:43 INFO  CheckPinUtil:25 - Введите пин код (4 цифры)
2020-04-03 12:06:52 INFO  ChooseOperation:42 - Выберете, что вы хотите сделать?
2020-04-03 12:06:52 INFO  ChooseOperation:43 - Отправьте номер операции соответсвующий вашему запросу
2020-04-03 12:06:52 INFO  ChooseOperation:44 - 1 - "Положить наличные"
2020-04-03 12:06:52 INFO  ChooseOperation:45 - 2 - "Снять наличные"
2020-04-03 12:06:52 INFO  ChooseOperation:46 - 3 - "Посмотреть баланс карты"
2020-04-03 12:06:52 INFO  ChooseOperation:47 - 4 - "Оплатить счет компании"
2020-04-03 12:06:52 INFO  ChooseOperation:48 - 5 - "Изменить пин-код"
2020-04-03 12:06:58 INFO  ChangePinCodeServiceImpl:29 - Введите старый пин код
2020-04-03 12:06:58 INFO  CheckPinUtil:25 - Введите пин код (4 цифры)
2020-04-03 12:07:00 INFO  ChangePinCodeServiceImpl:32 - Введите новый пин код (4 цифры)
2020-04-03 12:07:06 INFO  ChangePinCodeServiceImpl:50 - Пин код изменен!
2020-04-03 12:07:06 INFO  Screenplay:37 - Спасибо за визит!
2020-04-03 12:07:06 INFO  Screenplay:26 - Добрый день!
2020-04-03 12:07:06 INFO  Screenplay:27 - Вставьте карту!
2020-04-03 12:07:06 INFO  CheckPinUtil:25 - Введите пин код (4 цифры)
